{"name": "test_verify_search", "status": "broken", "statusDetails": {"message": "selenium.common.exceptions.NoSuchElementException: Message: Could not locate element with visible text: staff; For documentation on this error, please visit: https://www.selenium.dev/documentation/webdriver/troubleshooting/errors#nosuchelementexception", "trace": "self = <PythonSeleniumPractice.test.test_AdminTest.TestAdmin object at 0x000002074F0416D0>\nbrowserinstance = <selenium.webdriver.chrome.webdriver.WebDriver (session=\"7d5f0d9eb3b0530d58b0de4043170a11\")>\n\n    def test_verify_search(self, browserinstance):\n        \"\"\"Test to verify that a user can be searched.\"\"\"\n    \n        self.driver = browserinstance\n        self.driver.get(\"https://groceryapp.uniqassosiates.com/admin/login\")\n        self.driver.maximize_window()\n        # Initialize the LoginPage object\n        login_page = LoginPage(self.driver)\n        excelUtility = ExcelUtility(Constants.file_path)\n        # ExcelUtility.load_workbook(\"C:\\\\Users\\\\Netcom\\\\Desktop\\\\Niranjana Obsqura\\\\TestData.xlsx\")\n        username_value = excelUtility.get_string_data(2, 1, Constants.LOGIN_PAGE)\n        password_value = excelUtility.get_string_data(2, 2, Constants.LOGIN_PAGE)\n        # Perform login actions\n        login_page.enter_username(username_value).enter_password(password_value)\n        home_page = login_page.click_signin_button()\n    \n    \n    \n           # Click on Admin tile and search for the user\n        admin_page=home_page.click_on_tile()\n        admin_page.click_search()\n        admin_page.search_username(\"randomname\")\n>       admin_page.search_user_type(\"staff\")\n\nPythonSeleniumPractice\\test\\test_AdminTest.py:62: \n_ _ _ _ _ _ _ _ _ _ _ _ _ _ _ _ _ _ _ _ _ _ _ _ _ _ _ _ _ _ _ _ _ _ _ _ _ _ _ _ _ _ _ _ _ _ _ _ _ _ _ _ _ _ _ _ _ _ _ _ _ _ _ _ _ _ _ _ _ _ _ _ _\nPythonSeleniumPractice\\pages\\AdminPage.py:73: in search_user_type\n    self.page_utility.select_data_with_value(searchusertypeElement, user_type_value)\nPythonSeleniumPractice\\utility\\PageUtility.py:12: in select_data_with_value\n    select.select_by_visible_text(\n_ _ _ _ _ _ _ _ _ _ _ _ _ _ _ _ _ _ _ _ _ _ _ _ _ _ _ _ _ _ _ _ _ _ _ _ _ _ _ _ _ _ _ _ _ _ _ _ _ _ _ _ _ _ _ _ _ _ _ _ _ _ _ _ _ _ _ _ _ _ _ _ _\n\nself = <selenium.webdriver.support.select.Select object at 0x000002074F10FC50>, text = 'staff'\n\n    def select_by_visible_text(self, text: str) -> None:\n        \"\"\"Select all options that display text matching the argument. That is,\n        when given \"Bar\" this would select an option like:\n    \n         <option value=\"foo\">Bar</option>\n    \n        :Args:\n         - text - The visible text to match against\n    \n         throws NoSuchElementException If there is no option with specified text in SELECT\n        \"\"\"\n        xpath = f\".//option[normalize-space(.) = {self._escape_string(text)}]\"\n        opts = self._el.find_elements(By.XPATH, xpath)\n        matched = False\n        for opt in opts:\n            if not self._has_css_property_and_visible(opt):\n                raise NoSuchElementException(f\"Invisible option with text: {text}\")\n            self._set_selected(opt)\n            if not self.is_multiple:\n                return\n            matched = True\n    \n        if len(opts) == 0 and \" \" in text:\n            sub_string_without_space = self._get_longest_token(text)\n            if sub_string_without_space == \"\":\n                candidates = self.options\n            else:\n                xpath = f\".//option[contains(.,{self._escape_string(sub_string_without_space)})]\"\n                candidates = self._el.find_elements(By.XPATH, xpath)\n            for candidate in candidates:\n                if text == candidate.text:\n                    if not self._has_css_property_and_visible(candidate):\n                        raise NoSuchElementException(f\"Invisible option with text: {text}\")\n                    self._set_selected(candidate)\n                    if not self.is_multiple:\n                        return\n                    matched = True\n    \n        if not matched:\n>           raise NoSuchElementException(f\"Could not locate element with visible text: {text}\")\nE           selenium.common.exceptions.NoSuchElementException: Message: Could not locate element with visible text: staff; For documentation on this error, please visit: https://www.selenium.dev/documentation/webdriver/troubleshooting/errors#nosuchelementexception\n\n..\\Python\\Lib\\site-packages\\selenium\\webdriver\\support\\select.py:139: NoSuchElementException"}, "description": "Test to verify that a user can be searched.", "attachments": [{"name": "Failure Screenshot", "source": "c75e7918-14e3-468c-8f11-6cb567a91122-attachment.png", "type": "image/png"}], "start": 1766735761603, "stop": 1766735775064, "uuid": "fa65834b-1892-421e-a40e-28acdd4bf95e", "historyId": "8a4aef9c03de384121efbc2a7c7c1e4e", "testCaseId": "8a4aef9c03de384121efbc2a7c7c1e4e", "fullName": "PythonSeleniumPractice.test.test_AdminTest.TestAdmin#test_verify_search", "labels": [{"name": "parentSuite", "value": "PythonSeleniumPractice.test"}, {"name": "suite", "value": "test_AdminTest"}, {"name": "subSuite", "value": "TestAdmin"}, {"name": "host", "value": "DESKTOP-16JJG09"}, {"name": "thread", "value": "15788-MainThread"}, {"name": "framework", "value": "pytest"}, {"name": "language", "value": "cpython3"}, {"name": "package", "value": "PythonSeleniumPractice.test.test_AdminTest"}], "titlePath": ["PythonSeleniumPractice", "test", "test_AdminTest.py", "TestAdmin"]}