{"name": "test_verify_able_to_add_user", "status": "broken", "statusDetails": {"message": "selenium.common.exceptions.NoSuchElementException: Message: Could not locate element with visible text: staff; For documentation on this error, please visit: https://www.selenium.dev/documentation/webdriver/troubleshooting/errors#nosuchelementexception", "trace": "self = <PythonSeleniumPractice.test.test_AdminTest.TestAdmin object at 0x000001696D885A90>\ndriver = <selenium.webdriver.chrome.webdriver.WebDriver (session=\"93beebdb5cb79e3671266ebafdba2100\")>\n\n    @pytest.mark.smoke\n    def test_verify_able_to_add_user(self,driver):\n        \"\"\"Test to verify that a user can be added.\"\"\"\n        self.driver = driver\n        self.driver.get(\"https://groceryapp.uniqassosiates.com/admin/login\")\n        self.driver.maximize_window()\n        # Initialize the LoginPage object\n        login_page = LoginPage(self.driver)\n        excelUtility = ExcelUtility(Constants.file_path)\n        # ExcelUtility.load_workbook(\"C:\\\\Users\\\\Netcom\\\\Desktop\\\\Niranjana Obsqura\\\\TestData.xlsx\")\n        username_value = excelUtility.get_string_data(2, 1, Constants.LOGIN_PAGE)\n        password_value = excelUtility.get_string_data(2, 2, Constants.LOGIN_PAGE)\n        # Perform login actions\n        login_page.enter_username(username_value)\n        login_page.enter_password(password_value)\n    \n        home_page = login_page.click_signin_button()\n    \n    \n    \n        # Click on Admin tile and perform actions to add a new user\n        admin_page =home_page.click_on_tile()\n>       admin_page.click_new_button().add_name_method(\"randomuser\").add_password_method(\"randompassword\").select_type(\"staff\").click_save()\n        ^^^^^^^^^^^^^^^^^^^^^^^^^^^^^^^^^^^^^^^^^^^^^^^^^^^^^^^^^^^^^^^^^^^^^^^^^^^^^^^^^^^^^^^^^^^^^^^^^^^^^^^^^^^^^^^^^^^^^^\n\ntest\\test_AdminTest.py:33: \n_ _ _ _ _ _ _ _ _ _ _ _ _ _ _ _ _ _ _ _ _ _ _ _ _ _ _ _ _ _ _ _ _ _ _ _ _ _ _ _ _ _ _ _ _ _ _ _ _ _ _ _ _ _ _ _ _ _ _ _ _ _ _ _ _ _ _ _ _ _ _ _ _\npages\\AdminPage.py:50: in select_type\n    self.page_utility.select_data_with_value(usertypeElement, user_type_value)\nutility\\PageUtility.py:12: in select_data_with_value\n    select.select_by_visible_text(\n_ _ _ _ _ _ _ _ _ _ _ _ _ _ _ _ _ _ _ _ _ _ _ _ _ _ _ _ _ _ _ _ _ _ _ _ _ _ _ _ _ _ _ _ _ _ _ _ _ _ _ _ _ _ _ _ _ _ _ _ _ _ _ _ _ _ _ _ _ _ _ _ _\n\nself = <selenium.webdriver.support.select.Select object at 0x000001696D956E40>, text = 'staff'\n\n    def select_by_visible_text(self, text: str) -> None:\n        \"\"\"Select all options that display text matching the argument. That is,\n        when given \"Bar\" this would select an option like:\n    \n         <option value=\"foo\">Bar</option>\n    \n        :Args:\n         - text - The visible text to match against\n    \n         throws NoSuchElementException If there is no option with specified text in SELECT\n        \"\"\"\n        xpath = f\".//option[normalize-space(.) = {self._escape_string(text)}]\"\n        opts = self._el.find_elements(By.XPATH, xpath)\n        matched = False\n        for opt in opts:\n            if not self._has_css_property_and_visible(opt):\n                raise NoSuchElementException(f\"Invisible option with text: {text}\")\n            self._set_selected(opt)\n            if not self.is_multiple:\n                return\n            matched = True\n    \n        if len(opts) == 0 and \" \" in text:\n            sub_string_without_space = self._get_longest_token(text)\n            if sub_string_without_space == \"\":\n                candidates = self.options\n            else:\n                xpath = f\".//option[contains(.,{self._escape_string(sub_string_without_space)})]\"\n                candidates = self._el.find_elements(By.XPATH, xpath)\n            for candidate in candidates:\n                if text == candidate.text:\n                    if not self._has_css_property_and_visible(candidate):\n                        raise NoSuchElementException(f\"Invisible option with text: {text}\")\n                    self._set_selected(candidate)\n                    if not self.is_multiple:\n                        return\n                    matched = True\n    \n        if not matched:\n>           raise NoSuchElementException(f\"Could not locate element with visible text: {text}\")\nE           selenium.common.exceptions.NoSuchElementException: Message: Could not locate element with visible text: staff; For documentation on this error, please visit: https://www.selenium.dev/documentation/webdriver/troubleshooting/errors#nosuchelementexception\n\n..\\..\\Python\\Lib\\site-packages\\selenium\\webdriver\\support\\select.py:139: NoSuchElementException"}, "description": "Test to verify that a user can be added.", "start": 1766565207676, "stop": 1766565223421, "uuid": "a061efdc-916e-4f07-88ee-7d72e08c5c5f", "historyId": "ee0bade6165e79d51d313791b5fc7cb1", "testCaseId": "ee0bade6165e79d51d313791b5fc7cb1", "fullName": "test.test_AdminTest.TestAdmin#test_verify_able_to_add_user", "labels": [{"name": "tag", "value": "smoke"}, {"name": "parentSuite", "value": "test"}, {"name": "suite", "value": "test_AdminTest"}, {"name": "subSuite", "value": "TestAdmin"}, {"name": "host", "value": "DESKTOP-16JJG09"}, {"name": "thread", "value": "5140-MainThread"}, {"name": "framework", "value": "pytest"}, {"name": "language", "value": "cpython3"}, {"name": "package", "value": "test.test_AdminTest"}], "titlePath": ["test", "test_AdminTest.py", "TestAdmin"]}